mode: atomic
github.com/ottenwbe/golook-cli/cmd/api.go:32.42,36.3 3 1
github.com/ottenwbe/golook-cli/cmd/api.go:39.13,41.2 1 1
github.com/ottenwbe/golook-cli/cmd/config.go:32.42,36.3 3 1
github.com/ottenwbe/golook-cli/cmd/config.go:39.13,41.2 1 1
github.com/ottenwbe/golook-cli/cmd/query.go:37.42,47.3 6 1
github.com/ottenwbe/golook-cli/cmd/query.go:51.13,56.2 2 1
github.com/ottenwbe/golook-cli/cmd/report.go:37.42,42.3 4 1
github.com/ottenwbe/golook-cli/cmd/report.go:45.13,51.2 3 1
github.com/ottenwbe/golook-cli/cmd/root.go:42.42,44.3 1 1
github.com/ottenwbe/golook-cli/cmd/root.go:50.12,52.42 1 0
github.com/ottenwbe/golook-cli/cmd/root.go:52.42,54.3 1 0
github.com/ottenwbe/golook-cli/cmd/root.go:57.13,60.2 2 1
github.com/ottenwbe/golook-cli/cmd/error_helper.go:7.54,8.16 1 8
github.com/ottenwbe/golook-cli/cmd/error_helper.go:8.16,10.3 1 0
github.com/ottenwbe/golook-cli/cmd/info.go:32.42,36.3 3 1
github.com/ottenwbe/golook-cli/cmd/info.go:39.13,41.2 1 1
github.com/ottenwbe/golook-cli/cmd/log.go:32.47,36.3 3 1
github.com/ottenwbe/golook-cli/cmd/log.go:39.13,41.2 1 1
github.com/ottenwbe/golook-cli/cmd/system.go:32.42,36.3 3 1
github.com/ottenwbe/golook-cli/cmd/system.go:39.13,41.2 1 1
