mode: atomic
github.com/ottenwbe/golook/broker/communication/configuration.go:26.40,35.2 6 0
github.com/ottenwbe/golook/broker/communication/configuration.go:37.39,43.2 4 0
github.com/ottenwbe/golook/broker/communication/factory.go:31.55,33.2 1 5
github.com/ottenwbe/golook/broker/communication/factory.go:35.41,36.20 1 0
github.com/ottenwbe/golook/broker/communication/factory.go:37.2,38.25 1 0
github.com/ottenwbe/golook/broker/communication/factory.go:39.2,40.37 1 0
github.com/ottenwbe/golook/broker/communication/handler.go:34.115,35.55 1 3
github.com/ottenwbe/golook/broker/communication/handler.go:35.55,37.3 1 2
github.com/ottenwbe/golook/broker/communication/handler.go:37.3,39.3 1 1
github.com/ottenwbe/golook/broker/communication/handler.go:43.141,47.2 3 5
github.com/ottenwbe/golook/broker/communication/handler.go:49.57,50.29 1 0
github.com/ottenwbe/golook/broker/communication/handler.go:50.29,53.3 2 0
github.com/ottenwbe/golook/broker/communication/handler.go:56.59,59.2 2 1
github.com/ottenwbe/golook/broker/communication/handler.go:63.49,66.2 2 1
github.com/ottenwbe/golook/broker/communication/json_rpc_client.go:36.55,39.15 2 0
github.com/ottenwbe/golook/broker/communication/json_rpc_client.go:43.2,46.3 1 0
github.com/ottenwbe/golook/broker/communication/json_rpc_client.go:39.15,41.3 1 0
github.com/ottenwbe/golook/broker/communication/json_rpc_client.go:53.102,58.16 3 2
github.com/ottenwbe/golook/broker/communication/json_rpc_client.go:62.2,65.15 3 1
github.com/ottenwbe/golook/broker/communication/json_rpc_client.go:58.16,60.3 1 1
github.com/ottenwbe/golook/broker/communication/json_rpc_client.go:68.43,70.2 1 0
github.com/ottenwbe/golook/broker/communication/json_rpc_client.go:72.61,74.2 1 1
github.com/ottenwbe/golook/broker/communication/json_rpc_server.go:44.118,47.17 1 1
github.com/ottenwbe/golook/broker/communication/json_rpc_server.go:51.2,55.82 3 1
github.com/ottenwbe/golook/broker/communication/json_rpc_server.go:47.17,49.3 1 0
github.com/ottenwbe/golook/broker/communication/json_rpc_server.go:55.82,58.3 2 0
github.com/ottenwbe/golook/broker/communication/json_rpc_server.go:58.3,60.3 1 1
github.com/ottenwbe/golook/broker/communication/json_rpc_server.go:63.104,67.2 3 5
github.com/ottenwbe/golook/broker/communication/json_rpc_server.go:69.42,72.2 1 0
github.com/ottenwbe/golook/broker/communication/json_rpc_server.go:74.56,77.71 2 3
github.com/ottenwbe/golook/broker/communication/json_rpc_server.go:81.2,81.31 1 3
github.com/ottenwbe/golook/broker/communication/json_rpc_server.go:90.2,90.12 1 2
github.com/ottenwbe/golook/broker/communication/json_rpc_server.go:77.71,79.3 1 0
github.com/ottenwbe/golook/broker/communication/json_rpc_server.go:81.31,82.67 1 2
github.com/ottenwbe/golook/broker/communication/json_rpc_server.go:82.67,84.4 1 0
github.com/ottenwbe/golook/broker/communication/json_rpc_server.go:85.3,88.3 1 1
github.com/ottenwbe/golook/broker/communication/mock_client.go:25.32,27.2 1 0
github.com/ottenwbe/golook/broker/communication/mock_client.go:29.40,32.2 2 2
github.com/ottenwbe/golook/broker/communication/mock_client.go:34.103,38.2 3 1
