mode: atomic
github.com/ottenwbe/golook/rpc_client/client_mock.go:32.63,35.2 2 0
github.com/ottenwbe/golook/rpc_client/client_mock.go:37.106,38.23 1 0
github.com/ottenwbe/golook/rpc_client/client_mock.go:41.70,42.23 1 0
github.com/ottenwbe/golook/rpc_client/client_mock.go:45.62,46.23 1 0
github.com/ottenwbe/golook/rpc_client/client_mock.go:49.50,50.23 1 0
github.com/ottenwbe/golook/rpc_client/client_mock.go:53.45,54.21 1 0
github.com/ottenwbe/golook/rpc_client/client_mock.go:55.2,55.11 1 0
github.com/ottenwbe/golook/rpc_client/client_mock.go:58.61,62.2 3 0
github.com/ottenwbe/golook/rpc_client/client_mock.go:64.63,68.2 3 0
github.com/ottenwbe/golook/rpc_client/client_mock.go:70.86,73.2 2 0
github.com/ottenwbe/golook/rpc_client/rpc_client.go:30.13,32.2 1 1
github.com/ottenwbe/golook/rpc_client/rpc_client.go:34.50,39.2 1 3
github.com/ottenwbe/golook/rpc_client/rpc_client.go:41.90,43.16 2 2
github.com/ottenwbe/golook/rpc_client/rpc_client.go:47.2,48.16 2 1
github.com/ottenwbe/golook/rpc_client/rpc_client.go:52.2,54.16 3 1
github.com/ottenwbe/golook/rpc_client/rpc_client.go:58.2,58.25 1 1
github.com/ottenwbe/golook/rpc_client/rpc_client.go:43.16,45.3 1 1
github.com/ottenwbe/golook/rpc_client/rpc_client.go:48.16,50.3 1 0
github.com/ottenwbe/golook/rpc_client/rpc_client.go:54.16,56.3 1 0
github.com/ottenwbe/golook/rpc_client/supported_clients.go:27.66,28.51 1 0
github.com/ottenwbe/golook/rpc_client/supported_clients.go:28.51,31.3 2 0
github.com/ottenwbe/golook/rpc_client/supported_clients.go:31.3,33.3 1 0
github.com/ottenwbe/golook/rpc_client/supported_clients.go:36.80,37.39 1 1
github.com/ottenwbe/golook/rpc_client/supported_clients.go:37.39,39.3 1 1
github.com/ottenwbe/golook/rpc_client/supported_clients.go:39.3,41.3 1 0
github.com/ottenwbe/golook/rpc_client/supported_clients.go:44.89,46.15 1 7
github.com/ottenwbe/golook/rpc_client/supported_clients.go:53.2,53.34 1 6
github.com/ottenwbe/golook/rpc_client/supported_clients.go:46.15,47.28 1 6
github.com/ottenwbe/golook/rpc_client/supported_clients.go:50.3,50.25 1 5
github.com/ottenwbe/golook/rpc_client/supported_clients.go:47.28,49.4 1 1
github.com/ottenwbe/golook/rpc_client/supported_clients.go:53.34,55.3 1 1
github.com/ottenwbe/golook/rpc_client/supported_clients.go:55.3,57.3 1 5
github.com/ottenwbe/golook/rpc_client/supported_clients.go:60.47,62.41 2 1
github.com/ottenwbe/golook/rpc_client/supported_clients.go:65.2,65.15 1 1
github.com/ottenwbe/golook/rpc_client/supported_clients.go:62.41,64.3 1 1
github.com/ottenwbe/golook/rpc_client/supported_clients.go:68.50,73.2 1 9
github.com/ottenwbe/golook/rpc_client/callback.go:27.88,29.2 1 3
github.com/ottenwbe/golook/rpc_client/callback.go:31.67,32.41 1 2
github.com/ottenwbe/golook/rpc_client/callback.go:32.41,34.3 1 1
github.com/ottenwbe/golook/rpc_client/callback.go:34.3,37.3 2 1
