mode: atomic
github.com/ottenwbe/golook/broker/api/configuration.go:55.27,64.31 7 5
github.com/ottenwbe/golook/broker/api/configuration.go:64.31,66.3 1 5
github.com/ottenwbe/golook/broker/api/configuration.go:72.26,75.2 2 1
github.com/ottenwbe/golook/broker/api/controller.go:28.66,32.16 3 1
github.com/ottenwbe/golook/broker/api/controller.go:36.2,36.28 1 1
github.com/ottenwbe/golook/broker/api/controller.go:32.16,34.3 1 0
github.com/ottenwbe/golook/broker/api/controller.go:40.65,43.16 2 3
github.com/ottenwbe/golook/broker/api/controller.go:48.2,49.16 2 1
github.com/ottenwbe/golook/broker/api/controller.go:54.2,55.16 2 1
github.com/ottenwbe/golook/broker/api/controller.go:60.2,60.32 1 1
github.com/ottenwbe/golook/broker/api/controller.go:43.16,46.3 2 2
github.com/ottenwbe/golook/broker/api/controller.go:49.16,52.3 2 0
github.com/ottenwbe/golook/broker/api/controller.go:55.16,58.3 2 0
github.com/ottenwbe/golook/broker/api/controller.go:65.58,67.23 1 3
github.com/ottenwbe/golook/broker/api/controller.go:72.2,75.16 3 2
github.com/ottenwbe/golook/broker/api/controller.go:80.2,80.34 1 1
github.com/ottenwbe/golook/broker/api/controller.go:67.23,70.3 2 1
github.com/ottenwbe/golook/broker/api/controller.go:75.16,78.3 2 1
github.com/ottenwbe/golook/broker/api/controller.go:84.58,86.16 2 1
github.com/ottenwbe/golook/broker/api/controller.go:86.16,89.3 2 0
github.com/ottenwbe/golook/broker/api/controller.go:93.68,98.16 3 0
github.com/ottenwbe/golook/broker/api/controller.go:103.2,103.34 1 0
github.com/ottenwbe/golook/broker/api/controller.go:98.16,101.3 2 0
github.com/ottenwbe/golook/broker/api/controller.go:107.59,109.2 1 1
github.com/ottenwbe/golook/broker/api/helper.go:32.49,34.2 1 3
github.com/ottenwbe/golook/broker/api/helper.go:36.95,39.2 2 4
github.com/ottenwbe/golook/broker/api/helper.go:47.56,51.2 3 1
github.com/ottenwbe/golook/broker/api/helper.go:53.71,54.30 1 3
github.com/ottenwbe/golook/broker/api/helper.go:58.2,60.16 3 2
github.com/ottenwbe/golook/broker/api/helper.go:63.2,63.24 1 1
github.com/ottenwbe/golook/broker/api/helper.go:54.30,56.3 1 1
github.com/ottenwbe/golook/broker/api/helper.go:60.16,62.3 1 1
