mode: atomic
github.com/ottenwbe/golook/rpc_server/report/controller.go:29.13,32.2 2 1
github.com/ottenwbe/golook/rpc_server/report/controller.go:35.65,39.16 2 1
github.com/ottenwbe/golook/rpc_server/report/controller.go:39.16,41.3 1 1
github.com/ottenwbe/golook/rpc_server/report/controller.go:41.3,44.3 2 0
github.com/ottenwbe/golook/rpc_server/report/controller.go:48.67,52.16 2 1
github.com/ottenwbe/golook/rpc_server/report/controller.go:52.16,54.3 1 1
github.com/ottenwbe/golook/rpc_server/report/controller.go:54.3,57.3 2 0
github.com/ottenwbe/golook/rpc_server/report/controller.go:60.64,61.30 1 2
github.com/ottenwbe/golook/rpc_server/report/controller.go:65.2,67.16 3 0
github.com/ottenwbe/golook/rpc_server/report/controller.go:70.2,70.24 1 0
github.com/ottenwbe/golook/rpc_server/report/controller.go:61.30,63.3 1 2
github.com/ottenwbe/golook/rpc_server/report/controller.go:67.16,69.3 1 0
github.com/ottenwbe/golook/rpc_server/report/helper.go:47.49,49.2 1 2
github.com/ottenwbe/golook/rpc_server/report/helper.go:51.57,53.2 1 0
github.com/ottenwbe/golook/rpc_server/report/helper.go:55.83,58.2 2 0
github.com/ottenwbe/golook/rpc_server/report/helper.go:60.99,63.2 2 2
github.com/ottenwbe/golook/rpc_server/report/helper.go:65.74,67.16 2 0
github.com/ottenwbe/golook/rpc_server/report/helper.go:67.16,70.3 2 0
github.com/ottenwbe/golook/rpc_server/report/helper.go:70.3,72.3 1 0
github.com/ottenwbe/golook/rpc_server/report/helper.go:75.72,77.23 2 0
github.com/ottenwbe/golook/rpc_server/report/helper.go:83.2,84.65 2 0
github.com/ottenwbe/golook/rpc_server/report/helper.go:77.23,79.3 1 0
github.com/ottenwbe/golook/rpc_server/report/helper.go:79.3,81.3 1 0
github.com/ottenwbe/golook/rpc_server/report/helper.go:87.83,88.30 1 0
github.com/ottenwbe/golook/rpc_server/report/helper.go:93.2,93.14 1 0
github.com/ottenwbe/golook/rpc_server/report/helper.go:88.30,92.3 3 0
github.com/ottenwbe/golook/rpc_server/report/helper.go:96.84,97.68 1 0
github.com/ottenwbe/golook/rpc_server/report/helper.go:97.68,99.3 1 0
github.com/ottenwbe/golook/rpc_server/report/helper.go:99.3,102.3 2 0
github.com/ottenwbe/golook/rpc_server/report/helper.go:105.85,106.71 1 0
github.com/ottenwbe/golook/rpc_server/report/helper.go:106.71,108.3 1 0
github.com/ottenwbe/golook/rpc_server/report/helper.go:108.3,111.3 2 0
github.com/ottenwbe/golook/rpc_server/report/helper.go:114.98,115.48 1 0
github.com/ottenwbe/golook/rpc_server/report/helper.go:115.48,117.3 1 0
github.com/ottenwbe/golook/rpc_server/report/helper.go:117.3,120.3 2 0
github.com/ottenwbe/golook/rpc_server/report/helper.go:123.120,124.51 1 0
github.com/ottenwbe/golook/rpc_server/report/helper.go:124.51,128.3 3 0
github.com/ottenwbe/golook/rpc_server/report/helper.go:128.3,130.3 1 0
github.com/ottenwbe/golook/rpc_server/report/helper.go:133.85,134.46 1 0
github.com/ottenwbe/golook/rpc_server/report/helper.go:134.46,136.3 1 0
github.com/ottenwbe/golook/rpc_server/report/helper.go:136.3,139.3 2 0
github.com/ottenwbe/golook/rpc_server/report/helper.go:142.97,144.16 2 0
github.com/ottenwbe/golook/rpc_server/report/helper.go:149.2,149.19 1 0
github.com/ottenwbe/golook/rpc_server/report/helper.go:144.16,148.3 3 0
github.com/ottenwbe/golook/rpc_server/report/helper.go:152.58,156.2 3 0
github.com/ottenwbe/golook/rpc_server/report/helper.go:158.56,162.2 3 0
github.com/ottenwbe/golook/rpc_server/report/helper.go:164.94,166.25 2 0
github.com/ottenwbe/golook/rpc_server/report/helper.go:172.2,172.15 1 0
github.com/ottenwbe/golook/rpc_server/report/helper.go:166.25,169.3 2 0
github.com/ottenwbe/golook/rpc_server/report/helper.go:169.3,171.3 1 0
