mode: atomic
github.com/ottenwbe/golook/file_management/file_router.go:28.47,31.16 2 3
github.com/ottenwbe/golook/file_management/file_router.go:36.2,37.16 2 3
github.com/ottenwbe/golook/file_management/file_router.go:43.2,43.52 1 3
github.com/ottenwbe/golook/file_management/file_router.go:31.16,34.3 2 0
github.com/ottenwbe/golook/file_management/file_router.go:37.16,40.3 2 0
github.com/ottenwbe/golook/file_management/file_router.go:46.51,48.16 2 2
github.com/ottenwbe/golook/file_management/file_router.go:53.2,54.16 2 1
github.com/ottenwbe/golook/file_management/file_router.go:59.2,59.52 1 1
github.com/ottenwbe/golook/file_management/file_router.go:48.16,51.3 2 1
github.com/ottenwbe/golook/file_management/file_router.go:54.16,57.3 2 0
github.com/ottenwbe/golook/file_management/file_router.go:63.66,72.22 3 2
github.com/ottenwbe/golook/file_management/file_router.go:76.2,76.25 1 1
github.com/ottenwbe/golook/file_management/file_router.go:79.2,79.26 1 1
github.com/ottenwbe/golook/file_management/file_router.go:72.22,74.3 1 1
github.com/ottenwbe/golook/file_management/file_router.go:76.25,78.3 1 12
github.com/ottenwbe/golook/file_management/file_router.go:82.85,83.84 1 12
github.com/ottenwbe/golook/file_management/file_router.go:86.2,86.15 1 12
github.com/ottenwbe/golook/file_management/file_router.go:83.84,85.3 1 12
github.com/ottenwbe/golook/file_management/file_service.go:22.47,24.23 1 3
github.com/ottenwbe/golook/file_management/file_service.go:29.2,31.24 2 2
github.com/ottenwbe/golook/file_management/file_service.go:24.23,27.3 2 1
github.com/ottenwbe/golook/file_management/file_service.go:31.24,33.3 1 1
github.com/ottenwbe/golook/file_management/file_service.go:36.51,38.25 1 3
github.com/ottenwbe/golook/file_management/file_service.go:43.2,45.26 2 2
github.com/ottenwbe/golook/file_management/file_service.go:38.25,41.3 2 1
github.com/ottenwbe/golook/file_management/file_service.go:45.26,47.3 1 1
github.com/ottenwbe/golook/file_management/system_handler.go:27.45,30.58 2 0
github.com/ottenwbe/golook/file_management/system_handler.go:30.58,31.31 1 0
github.com/ottenwbe/golook/file_management/system_handler.go:31.31,33.4 1 0
github.com/ottenwbe/golook/file_management/system_handler.go:33.4,35.4 1 0
github.com/ottenwbe/golook/file_management/system_handler.go:36.3,38.3 1 0
github.com/ottenwbe/golook/file_management/system_handler.go:41.13,43.2 1 1
github.com/ottenwbe/golook/file_management/system_service.go:24.13,28.2 3 1
github.com/ottenwbe/golook/file_management/system_service.go:35.25,37.2 1 1
github.com/ottenwbe/golook/file_management/system_service.go:39.35,43.2 3 1
github.com/ottenwbe/golook/file_management/file_handler.go:27.43,30.56 2 0
github.com/ottenwbe/golook/file_management/file_handler.go:30.56,32.3 1 0
github.com/ottenwbe/golook/file_management/file_handler.go:32.3,34.3 1 0
github.com/ottenwbe/golook/file_management/file_handler.go:37.13,39.2 1 1
github.com/ottenwbe/golook/file_management/file_monitor.go:26.21,30.16 3 2
github.com/ottenwbe/golook/file_management/file_monitor.go:34.2,34.15 1 2
github.com/ottenwbe/golook/file_management/file_monitor.go:30.16,32.3 1 0
github.com/ottenwbe/golook/file_management/file_monitor.go:39.17,40.6 1 2
github.com/ottenwbe/golook/file_management/file_monitor.go:40.6,41.10 1 49
github.com/ottenwbe/golook/file_management/file_monitor.go:42.3,43.24 1 21
github.com/ottenwbe/golook/file_management/file_monitor.go:47.3,48.55 1 26
github.com/ottenwbe/golook/file_management/file_monitor.go:43.24,46.5 2 1
github.com/ottenwbe/golook/file_management/file_monitor.go:54.20,55.20 1 1
github.com/ottenwbe/golook/file_management/file_monitor.go:55.20,57.3 1 1
github.com/ottenwbe/golook/file_management/file_monitor.go:60.34,63.2 2 6
github.com/ottenwbe/golook/file_management/file_monitor.go:65.37,69.2 3 8
github.com/ottenwbe/golook/file_management/file_monitor.go:71.13,73.2 1 1
